  pch.cpp
C:\Program Files\Microsoft Visual Studio\2022\Community\VC\Tools\MSVC\14.44.35207\include\array(22,21): error C2143: 構文エラー: ';' が '*' の前にありません。
  (ソース ファイル 'pch.cpp' をコンパイルしています)
  
C:\Program Files\Microsoft Visual Studio\2022\Community\VC\Tools\MSVC\14.44.35207\include\array(22,5): error C4430: 型指定子がありません - int と仮定しました。メモ: C++ は int を既定値としてサポートしていません
  (ソース ファイル 'pch.cpp' をコンパイルしています)
  
C:\Program Files\Microsoft Visual Studio\2022\Community\VC\Tools\MSVC\14.44.35207\include\array(22,31): error C2334: '{' の前に予期しないトークンがありました。関数の本体は無視されます
  (ソース ファイル 'pch.cpp' をコンパイルしています)
  
C:\Program Files\Microsoft Visual Studio\2022\Community\VC\Tools\MSVC\14.44.35207\include\array(23,21): error C2143: 構文エラー: ';' が '*' の前にありません。
  (ソース ファイル 'pch.cpp' をコンパイルしています)
  
C:\Program Files\Microsoft Visual Studio\2022\Community\VC\Tools\MSVC\14.44.35207\include\array(23,5): error C4430: 型指定子がありません - int と仮定しました。メモ: C++ は int を既定値としてサポートしていません
  (ソース ファイル 'pch.cpp' をコンパイルしています)
  
C:\Program Files\Microsoft Visual Studio\2022\Community\VC\Tools\MSVC\14.44.35207\include\array(23,34): error C2334: '{' の前に予期しないトークンがありました。関数の本体は無視されます
  (ソース ファイル 'pch.cpp' をコンパイルしています)
  
C:\Program Files\Microsoft Visual Studio\2022\Community\VC\Tools\MSVC\14.44.35207\include\array(287,22): error C3856: 'pointer_traits': シンボルはクラス テンプレート ではありません
  (ソース ファイル 'pch.cpp' をコンパイルしています)
  
C:\Program Files\Microsoft Visual Studio\2022\Community\VC\Tools\MSVC\14.44.35207\include\array(287,45): error C2065: '_Ty': 定義されていない識別子です。
  (ソース ファイル 'pch.cpp' をコンパイルしています)
  
C:\Program Files\Microsoft Visual Studio\2022\Community\VC\Tools\MSVC\14.44.35207\include\array(287,50): error C2065: '_Size': 定義されていない識別子です。
  (ソース ファイル 'pch.cpp' をコンパイルしています)
  
C:\Program Files\Microsoft Visual Studio\2022\Community\VC\Tools\MSVC\14.44.35207\include\array(287,23): error C2923: 'std::_Array_const_iterator': '_Ty' は、パラメーター '_Ty' の有効な テンプレート 型引数ではありません
  (ソース ファイル 'pch.cpp' をコンパイルしています)
      C:\Program Files\Microsoft Visual Studio\2022\Community\VC\Tools\MSVC\14.44.35207\include\array(287,45):
      '_Ty' の宣言を確認してください
  
C:\Program Files\Microsoft Visual Studio\2022\Community\VC\Tools\MSVC\14.44.35207\include\array(287,50): error C2975: '_Size': 'std::_Array_const_iterator' のテンプレート引数が無効です。コンパイル時の定数式が必要です
  (ソース ファイル 'pch.cpp' をコンパイルしています)
      C:\Program Files\Microsoft Visual Studio\2022\Community\VC\Tools\MSVC\14.44.35207\include\array(27,29):
      '_Size' の宣言を確認してください
  
C:\Program Files\Microsoft Visual Studio\2022\Community\VC\Tools\MSVC\14.44.35207\include\array(287,23): error C2146: 構文エラー: ';' が、識別子 '_Array_const_iterator' の前に必要です。
  (ソース ファイル 'pch.cpp' をコンパイルしています)
  
C:\Program Files\Microsoft Visual Studio\2022\Community\VC\Tools\MSVC\14.44.35207\include\array(287,55): error C2059: 構文エラー: '>'
  (ソース ファイル 'pch.cpp' をコンパイルしています)
  
C:\Program Files\Microsoft Visual Studio\2022\Community\VC\Tools\MSVC\14.44.35207\include\array(287,58): error C2143: 構文エラー: ';' が '{' の前にありません。
  (ソース ファイル 'pch.cpp' をコンパイルしています)
  
C:\Program Files\Microsoft Visual Studio\2022\Community\VC\Tools\MSVC\14.44.35207\include\array(287,58): error C2447: '{': 対応する関数ヘッダーがありません (旧形式の仮引数リスト?)
  (ソース ファイル 'pch.cpp' をコンパイルしています)
  
C:\Program Files\Microsoft Visual Studio\2022\Community\VC\Tools\MSVC\14.44.35207\include\array(390,8): error C2976: 'std::pointer_traits': 引数 テンプレート が少なすぎます
  (ソース ファイル 'pch.cpp' をコンパイルしています)
      C:\Program Files\Microsoft Visual Studio\2022\Community\VC\Tools\MSVC\14.44.35207\include\array(287,8):
      'std::pointer_traits' の宣言を確認してください
  
C:\Program Files\Microsoft Visual Studio\2022\Community\VC\Tools\MSVC\14.44.35207\include\array(418,41): error C2039: 'reverse_iterator': 'std' のメンバーではありません
  (ソース ファイル 'pch.cpp' をコンパイルしています)
      C:\Program Files\Microsoft Visual Studio\2022\Community\VC\Tools\MSVC\14.44.35207\include\array(19,1):
      'std' の宣言を確認してください
      C:\Program Files\Microsoft Visual Studio\2022\Community\VC\Tools\MSVC\14.44.35207\include\array(418,41):
      テンプレートインスタンス化コンテキスト (最初に最も古いもの) は
          C:\Program Files\Microsoft Visual Studio\2022\Community\VC\Tools\MSVC\14.44.35207\include\array(402,7):
          クラス テンプレート 'std::array' のコンパイル中
  
C:\Program Files\Microsoft Visual Studio\2022\Community\VC\Tools\MSVC\14.44.35207\include\array(418,41): error C2061: 構文エラー: 識別子 'reverse_iterator'
  (ソース ファイル 'pch.cpp' をコンパイルしています)
  
C:\Program Files\Microsoft Visual Studio\2022\Community\VC\Tools\MSVC\14.44.35207\include\array(419,41): error C2039: 'reverse_iterator': 'std' のメンバーではありません
  (ソース ファイル 'pch.cpp' をコンパイルしています)
      C:\Program Files\Microsoft Visual Studio\2022\Community\VC\Tools\MSVC\14.44.35207\include\array(19,1):
      'std' の宣言を確認してください
  
C:\Program Files\Microsoft Visual Studio\2022\Community\VC\Tools\MSVC\14.44.35207\include\array(419,41): error C2061: 構文エラー: 識別子 'reverse_iterator'
  (ソース ファイル 'pch.cpp' をコンパイルしています)
  
C:\Program Files\Microsoft Visual Studio\2022\Community\VC\Tools\MSVC\14.44.35207\include\array(453,46): error C3646: 'rbegin': 不明なオーバーライド指定子です
  (ソース ファイル 'pch.cpp' をコンパイルしています)
  
C:\Program Files\Microsoft Visual Studio\2022\Community\VC\Tools\MSVC\14.44.35207\include\array(453,53): error C2059: 構文エラー: ')'
  (ソース ファイル 'pch.cpp' をコンパイルしています)
  
C:\Program Files\Microsoft Visual Studio\2022\Community\VC\Tools\MSVC\14.44.35207\include\array(453,64): error C2334: '{' の前に予期しないトークンがありました。関数の本体は無視されます
  (ソース ファイル 'pch.cpp' をコンパイルしています)
  
C:\Program Files\Microsoft Visual Studio\2022\Community\VC\Tools\MSVC\14.44.35207\include\array(457,52): error C3646: 'rbegin': 不明なオーバーライド指定子です
  (ソース ファイル 'pch.cpp' をコンパイルしています)
  
C:\Program Files\Microsoft Visual Studio\2022\Community\VC\Tools\MSVC\14.44.35207\include\array(457,59): error C2059: 構文エラー: ')'
  (ソース ファイル 'pch.cpp' をコンパイルしています)
  
C:\Program Files\Microsoft Visual Studio\2022\Community\VC\Tools\MSVC\14.44.35207\include\array(457,76): error C2334: '{' の前に予期しないトークンがありました。関数の本体は無視されます
  (ソース ファイル 'pch.cpp' をコンパイルしています)
  
C:\Program Files\Microsoft Visual Studio\2022\Community\VC\Tools\MSVC\14.44.35207\include\array(461,46): error C3646: 'rend': 不明なオーバーライド指定子です
  (ソース ファイル 'pch.cpp' をコンパイルしています)
  
C:\Program Files\Microsoft Visual Studio\2022\Community\VC\Tools\MSVC\14.44.35207\include\array(461,51): error C2059: 構文エラー: ')'
  (ソース ファイル 'pch.cpp' をコンパイルしています)
  
C:\Program Files\Microsoft Visual Studio\2022\Community\VC\Tools\MSVC\14.44.35207\include\array(461,62): error C2334: '{' の前に予期しないトークンがありました。関数の本体は無視されます
  (ソース ファイル 'pch.cpp' をコンパイルしています)
  
C:\Program Files\Microsoft Visual Studio\2022\Community\VC\Tools\MSVC\14.44.35207\include\array(465,52): error C3646: 'rend': 不明なオーバーライド指定子です
  (ソース ファイル 'pch.cpp' をコンパイルしています)
  
C:\Program Files\Microsoft Visual Studio\2022\Community\VC\Tools\MSVC\14.44.35207\include\array(465,57): error C2059: 構文エラー: ')'
  (ソース ファイル 'pch.cpp' をコンパイルしています)
  
C:\Program Files\Microsoft Visual Studio\2022\Community\VC\Tools\MSVC\14.44.35207\include\array(465,74): error C2334: '{' の前に予期しないトークンがありました。関数の本体は無視されます
  (ソース ファイル 'pch.cpp' をコンパイルしています)
  
C:\Program Files\Microsoft Visual Studio\2022\Community\VC\Tools\MSVC\14.44.35207\include\array(477,52): error C3646: 'crbegin': 不明なオーバーライド指定子です
  (ソース ファイル 'pch.cpp' をコンパイルしています)
  
C:\Program Files\Microsoft Visual Studio\2022\Community\VC\Tools\MSVC\14.44.35207\include\array(477,60): error C2059: 構文エラー: ')'
  (ソース ファイル 'pch.cpp' をコンパイルしています)
  
C:\Program Files\Microsoft Visual Studio\2022\Community\VC\Tools\MSVC\14.44.35207\include\array(477,77): error C2334: '{' の前に予期しないトークンがありました。関数の本体は無視されます
  (ソース ファイル 'pch.cpp' をコンパイルしています)
  
C:\Program Files\Microsoft Visual Studio\2022\Community\VC\Tools\MSVC\14.44.35207\include\array(481,52): error C3646: 'crend': 不明なオーバーライド指定子です
  (ソース ファイル 'pch.cpp' をコンパイルしています)
  
C:\Program Files\Microsoft Visual Studio\2022\Community\VC\Tools\MSVC\14.44.35207\include\array(481,58): error C2059: 構文エラー: ')'
  (ソース ファイル 'pch.cpp' をコンパイルしています)
  
C:\Program Files\Microsoft Visual Studio\2022\Community\VC\Tools\MSVC\14.44.35207\include\array(481,75): error C2334: '{' の前に予期しないトークンがありました。関数の本体は無視されます
  (ソース ファイル 'pch.cpp' をコンパイルしています)
  
C:\Program Files\Microsoft Visual Studio\2022\Community\VC\Tools\MSVC\14.44.35207\include\array(430,14): error C2039: 'fill_n': 'std' のメンバーではありません
  (ソース ファイル 'pch.cpp' をコンパイルしています)
      C:\Program Files\Microsoft Visual Studio\2022\Community\VC\Tools\MSVC\14.44.35207\include\array(19,1):
      'std' の宣言を確認してください
  
C:\Program Files\Microsoft Visual Studio\2022\Community\VC\Tools\MSVC\14.44.35207\include\array(434,14): error C2039: '_Swap_ranges_unchecked': 'std' のメンバーではありません
  (ソース ファイル 'pch.cpp' をコンパイルしています)
      C:\Program Files\Microsoft Visual Studio\2022\Community\VC\Tools\MSVC\14.44.35207\include\array(19,1):
      'std' の宣言を確認してください
  
C:\Program Files\Microsoft Visual Studio\2022\Community\VC\Tools\MSVC\14.44.35207\include\array(574,9): error C3861: '_Xout_of_range': 識別子が見つかりませんでした
  (ソース ファイル 'pch.cpp' をコンパイルしています)
      C:\Program Files\Microsoft Visual Studio\2022\Community\VC\Tools\MSVC\14.44.35207\include\array(574,23):
      '_Xout_of_range': 引数がテンプレート パラメーターに依存しないため、関数の宣言を有効にする必要があります
  
C:\Program Files\Microsoft Visual Studio\2022\Community\VC\Tools\MSVC\14.44.35207\include\array(608,41): error C2039: 'reverse_iterator': 'std' のメンバーではありません
  (ソース ファイル 'pch.cpp' をコンパイルしています)
      C:\Program Files\Microsoft Visual Studio\2022\Community\VC\Tools\MSVC\14.44.35207\include\array(19,1):
      'std' の宣言を確認してください
      C:\Program Files\Microsoft Visual Studio\2022\Community\VC\Tools\MSVC\14.44.35207\include\array(608,41):
      テンプレートインスタンス化コンテキスト (最初に最も古いもの) は
          C:\Program Files\Microsoft Visual Studio\2022\Community\VC\Tools\MSVC\14.44.35207\include\array(593,7):
          クラス テンプレートの部分的特殊化 'std::array<_Ty,0>' のコンパイル中
  
C:\Program Files\Microsoft Visual Studio\2022\Community\VC\Tools\MSVC\14.44.35207\include\array(608,41): error C2061: 構文エラー: 識別子 'reverse_iterator'
  (ソース ファイル 'pch.cpp' をコンパイルしています)
  
C:\Program Files\Microsoft Visual Studio\2022\Community\VC\Tools\MSVC\14.44.35207\include\array(609,41): error C2039: 'reverse_iterator': 'std' のメンバーではありません
  (ソース ファイル 'pch.cpp' をコンパイルしています)
      C:\Program Files\Microsoft Visual Studio\2022\Community\VC\Tools\MSVC\14.44.35207\include\array(19,1):
      'std' の宣言を確認してください
  
C:\Program Files\Microsoft Visual Studio\2022\Community\VC\Tools\MSVC\14.44.35207\include\array(609,41): error C2061: 構文エラー: 識別子 'reverse_iterator'
  (ソース ファイル 'pch.cpp' をコンパイルしています)
  
C:\Program Files\Microsoft Visual Studio\2022\Community\VC\Tools\MSVC\14.44.35207\include\array(637,46): error C3646: 'rbegin': 不明なオーバーライド指定子です
  (ソース ファイル 'pch.cpp' をコンパイルしています)
  
C:\Program Files\Microsoft Visual Studio\2022\Community\VC\Tools\MSVC\14.44.35207\include\array(637,53): error C2059: 構文エラー: ')'
  (ソース ファイル 'pch.cpp' をコンパイルしています)
  
C:\Program Files\Microsoft Visual Studio\2022\Community\VC\Tools\MSVC\14.44.35207\include\array(637,64): error C2334: '{' の前に予期しないトークンがありました。関数の本体は無視されます
  (ソース ファイル 'pch.cpp' をコンパイルしています)
  
C:\Program Files\Microsoft Visual Studio\2022\Community\VC\Tools\MSVC\14.44.35207\include\array(641,52): error C3646: 'rbegin': 不明なオーバーライド指定子です
  (ソース ファイル 'pch.cpp' をコンパイルしています)
  
C:\Program Files\Microsoft Visual Studio\2022\Community\VC\Tools\MSVC\14.44.35207\include\array(641,59): error C2059: 構文エラー: ')'
  (ソース ファイル 'pch.cpp' をコンパイルしています)
  
C:\Program Files\Microsoft Visual Studio\2022\Community\VC\Tools\MSVC\14.44.35207\include\array(641,76): error C2334: '{' の前に予期しないトークンがありました。関数の本体は無視されます
  (ソース ファイル 'pch.cpp' をコンパイルしています)
  
C:\Program Files\Microsoft Visual Studio\2022\Community\VC\Tools\MSVC\14.44.35207\include\array(645,46): error C3646: 'rend': 不明なオーバーライド指定子です
  (ソース ファイル 'pch.cpp' をコンパイルしています)
  
C:\Program Files\Microsoft Visual Studio\2022\Community\VC\Tools\MSVC\14.44.35207\include\array(645,51): error C2059: 構文エラー: ')'
  (ソース ファイル 'pch.cpp' をコンパイルしています)
  
C:\Program Files\Microsoft Visual Studio\2022\Community\VC\Tools\MSVC\14.44.35207\include\array(645,62): error C2334: '{' の前に予期しないトークンがありました。関数の本体は無視されます
  (ソース ファイル 'pch.cpp' をコンパイルしています)
  
C:\Program Files\Microsoft Visual Studio\2022\Community\VC\Tools\MSVC\14.44.35207\include\array(649,52): error C3646: 'rend': 不明なオーバーライド指定子です
  (ソース ファイル 'pch.cpp' をコンパイルしています)
  
C:\Program Files\Microsoft Visual Studio\2022\Community\VC\Tools\MSVC\14.44.35207\include\array(649,57): error C2059: 構文エラー: ')'
  (ソース ファイル 'pch.cpp' をコンパイルしています)
  
C:\Program Files\Microsoft Visual Studio\2022\Community\VC\Tools\MSVC\14.44.35207\include\array(649,74): error C2334: '{' の前に予期しないトークンがありました。関数の本体は無視されます
  (ソース ファイル 'pch.cpp' をコンパイルしています)
  
C:\Program Files\Microsoft Visual Studio\2022\Community\VC\Tools\MSVC\14.44.35207\include\array(661,52): error C3646: 'crbegin': 不明なオーバーライド指定子です
  (ソース ファイル 'pch.cpp' をコンパイルしています)
  
C:\Program Files\Microsoft Visual Studio\2022\Community\VC\Tools\MSVC\14.44.35207\include\array(661,60): error C2059: 構文エラー: ')'
  (ソース ファイル 'pch.cpp' をコンパイルしています)
  
C:\Program Files\Microsoft Visual Studio\2022\Community\VC\Tools\MSVC\14.44.35207\include\array(661,77): error C2334: '{' の前に予期しないトークンがありました。関数の本体は無視されます
  (ソース ファイル 'pch.cpp' をコンパイルしています)
  
C:\Program Files\Microsoft Visual Studio\2022\Community\VC\Tools\MSVC\14.44.35207\include\array(665,52): error C3646: 'crend': 不明なオーバーライド指定子です
  (ソース ファイル 'pch.cpp' をコンパイルしています)
  
C:\Program Files\Microsoft Visual Studio\2022\Community\VC\Tools\MSVC\14.44.35207\include\array(665,58): error C2059: 構文エラー: ')'
  (ソース ファイル 'pch.cpp' をコンパイルしています)
  
C:\Program Files\Microsoft Visual Studio\2022\Community\VC\Tools\MSVC\14.44.35207\include\array(665,75): error C2334: '{' の前に予期しないトークンがありました。関数の本体は無視されます
  (ソース ファイル 'pch.cpp' をコンパイルしています)
  
C:\Program Files\Microsoft Visual Studio\2022\Community\VC\Tools\MSVC\14.44.35207\include\array(767,9): error C3861: '_Xout_of_range': 識別子が見つかりませんでした
  (ソース ファイル 'pch.cpp' をコンパイルしています)
      C:\Program Files\Microsoft Visual Studio\2022\Community\VC\Tools\MSVC\14.44.35207\include\array(767,23):
      '_Xout_of_range': 引数がテンプレート パラメーターに依存しないため、関数の宣言を有効にする必要があります
  
C:\Program Files\Microsoft Visual Studio\2022\Community\VC\Tools\MSVC\14.44.35207\include\array(778,17): error C2039: 'equal': 'std' のメンバーではありません
  (ソース ファイル 'pch.cpp' をコンパイルしています)
      C:\Program Files\Microsoft Visual Studio\2022\Community\VC\Tools\MSVC\14.44.35207\include\array(19,1):
      'std' の宣言を確認してください
  
C:\Program Files\Microsoft Visual Studio\2022\Community\VC\Tools\MSVC\14.44.35207\include\array(785,17): error C2039: 'lexicographical_compare_three_way': 'std' のメンバーではありません
  (ソース ファイル 'pch.cpp' をコンパイルしています)
      C:\Program Files\Microsoft Visual Studio\2022\Community\VC\Tools\MSVC\14.44.35207\include\array(19,1):
      'std' の宣言を確認してください
  
C:\Program Files\Microsoft Visual Studio\2022\Community\VC\Tools\MSVC\14.44.35207\include\cmath(37,18): error C2039: 'acosf': '`global namespace'' のメンバーではありません
  (ソース ファイル 'pch.cpp' をコンパイルしています)
  
C:\Program Files\Microsoft Visual Studio\2022\Community\VC\Tools\MSVC\14.44.35207\include\cmath(37,18): error C3861: 'acosf': 識別子が見つかりませんでした
  (ソース ファイル 'pch.cpp' をコンパイルしています)
  
C:\Program Files\Microsoft Visual Studio\2022\Community\VC\Tools\MSVC\14.44.35207\include\cmath(41,18): error C2039: 'acoshf': '`global namespace'' のメンバーではありません
  (ソース ファイル 'pch.cpp' をコンパイルしています)
  
C:\Program Files\Microsoft Visual Studio\2022\Community\VC\Tools\MSVC\14.44.35207\include\cmath(41,18): error C3861: 'acoshf': 識別子が見つかりませんでした
  (ソース ファイル 'pch.cpp' をコンパイルしています)
  
C:\Program Files\Microsoft Visual Studio\2022\Community\VC\Tools\MSVC\14.44.35207\include\cmath(45,18): error C2039: 'asinf': '`global namespace'' のメンバーではありません
  (ソース ファイル 'pch.cpp' をコンパイルしています)
  
C:\Program Files\Microsoft Visual Studio\2022\Community\VC\Tools\MSVC\14.44.35207\include\cmath(45,18): error C3861: 'asinf': 識別子が見つかりませんでした
  (ソース ファイル 'pch.cpp' をコンパイルしています)
  
C:\Program Files\Microsoft Visual Studio\2022\Community\VC\Tools\MSVC\14.44.35207\include\cmath(49,18): error C2039: 'asinhf': '`global namespace'' のメンバーではありません
  (ソース ファイル 'pch.cpp' をコンパイルしています)
  
C:\Program Files\Microsoft Visual Studio\2022\Community\VC\Tools\MSVC\14.44.35207\include\cmath(49,18): error C3861: 'asinhf': 識別子が見つかりませんでした
  (ソース ファイル 'pch.cpp' をコンパイルしています)
  
C:\Program Files\Microsoft Visual Studio\2022\Community\VC\Tools\MSVC\14.44.35207\include\cmath(53,18): error C2039: 'atanf': '`global namespace'' のメンバーではありません
  (ソース ファイル 'pch.cpp' をコンパイルしています)
  
C:\Program Files\Microsoft Visual Studio\2022\Community\VC\Tools\MSVC\14.44.35207\include\cmath(53,18): error C3861: 'atanf': 識別子が見つかりませんでした
  (ソース ファイル 'pch.cpp' をコンパイルしています)
  
C:\Program Files\Microsoft Visual Studio\2022\Community\VC\Tools\MSVC\14.44.35207\include\cmath(57,18): error C2039: 'atanhf': '`global namespace'' のメンバーではありません
  (ソース ファイル 'pch.cpp' をコンパイルしています)
  
C:\Program Files\Microsoft Visual Studio\2022\Community\VC\Tools\MSVC\14.44.35207\include\cmath(57,18): error C3861: 'atanhf': 識別子が見つかりませんでした
  (ソース ファイル 'pch.cpp' をコンパイルしています)
  
C:\Program Files\Microsoft Visual Studio\2022\Community\VC\Tools\MSVC\14.44.35207\include\cmath(61,18): error C2039: 'atan2f': '`global namespace'' のメンバーではありません
  (ソース ファイル 'pch.cpp' をコンパイルしています)
  
C:\Program Files\Microsoft Visual Studio\2022\Community\VC\Tools\MSVC\14.44.35207\include\cmath(61,18): error C3861: 'atan2f': 識別子が見つかりませんでした
  (ソース ファイル 'pch.cpp' をコンパイルしています)
  
C:\Program Files\Microsoft Visual Studio\2022\Community\VC\Tools\MSVC\14.44.35207\include\cmath(65,18): error C2039: 'cbrtf': '`global namespace'' のメンバーではありません
  (ソース ファイル 'pch.cpp' をコンパイルしています)
  
C:\Program Files\Microsoft Visual Studio\2022\Community\VC\Tools\MSVC\14.44.35207\include\cmath(65,18): error C3861: 'cbrtf': 識別子が見つかりませんでした
  (ソース ファイル 'pch.cpp' をコンパイルしています)
  
C:\Program Files\Microsoft Visual Studio\2022\Community\VC\Tools\MSVC\14.44.35207\include\cmath(89,18): error C2039: 'cosf': '`global namespace'' のメンバーではありません
  (ソース ファイル 'pch.cpp' をコンパイルしています)
  
C:\Program Files\Microsoft Visual Studio\2022\Community\VC\Tools\MSVC\14.44.35207\include\cmath(89,18): error C3861: 'cosf': 識別子が見つかりませんでした
  (ソース ファイル 'pch.cpp' をコンパイルしています)
  
C:\Program Files\Microsoft Visual Studio\2022\Community\VC\Tools\MSVC\14.44.35207\include\cmath(93,18): error C2039: 'coshf': '`global namespace'' のメンバーではありません
  (ソース ファイル 'pch.cpp' をコンパイルしています)
  
C:\Program Files\Microsoft Visual Studio\2022\Community\VC\Tools\MSVC\14.44.35207\include\cmath(93,18): error C3861: 'coshf': 識別子が見つかりませんでした
  (ソース ファイル 'pch.cpp' をコンパイルしています)
  
C:\Program Files\Microsoft Visual Studio\2022\Community\VC\Tools\MSVC\14.44.35207\include\cmath(97,18): error C2039: 'erff': '`global namespace'' のメンバーではありません
  (ソース ファイル 'pch.cpp' をコンパイルしています)
  
C:\Program Files\Microsoft Visual Studio\2022\Community\VC\Tools\MSVC\14.44.35207\include\cmath(97,18): error C3861: 'erff': 識別子が見つかりませんでした
  (ソース ファイル 'pch.cpp' をコンパイルしています)
  
C:\Program Files\Microsoft Visual Studio\2022\Community\VC\Tools\MSVC\14.44.35207\include\cmath(101,18): error C2039: 'erfcf': '`global namespace'' のメンバーではありません
  (ソース ファイル 'pch.cpp' をコンパイルしています)
  
C:\Program Files\Microsoft Visual Studio\2022\Community\VC\Tools\MSVC\14.44.35207\include\cmath(101,18): error C3861: 'erfcf': 識別子が見つかりませんでした
  (ソース ファイル 'pch.cpp' をコンパイルしています)
  
C:\Program Files\Microsoft Visual Studio\2022\Community\VC\Tools\MSVC\14.44.35207\include\cmath(105,18): error C2039: 'expf': '`global namespace'' のメンバーではありません
  (ソース ファイル 'pch.cpp' をコンパイルしています)
  
C:\Program Files\Microsoft Visual Studio\2022\Community\VC\Tools\MSVC\14.44.35207\include\cmath(105,18): error C3861: 'expf': 識別子が見つかりませんでした
  (ソース ファイル 'pch.cpp' をコンパイルしています)
  
C:\Program Files\Microsoft Visual Studio\2022\Community\VC\Tools\MSVC\14.44.35207\include\cmath(109,18): error C2039: 'exp2f': '`global namespace'' のメンバーではありません
  (ソース ファイル 'pch.cpp' をコンパイルしています)
  
C:\Program Files\Microsoft Visual Studio\2022\Community\VC\Tools\MSVC\14.44.35207\include\cmath(109,18): error C3861: 'exp2f': 識別子が見つかりませんでした
  (ソース ファイル 'pch.cpp' をコンパイルしています)
  
C:\Program Files\Microsoft Visual Studio\2022\Community\VC\Tools\MSVC\14.44.35207\include\cmath(113,18): error C2039: 'expm1f': '`global namespace'' のメンバーではありません
  (ソース ファイル 'pch.cpp' をコンパイルしています)
  
C:\Program Files\Microsoft Visual Studio\2022\Community\VC\Tools\MSVC\14.44.35207\include\cmath(113,18): error C3861: 'expm1f': 識別子が見つかりませんでした
  (ソース ファイル 'pch.cpp' をコンパイルしています)
  
C:\Program Files\Microsoft Visual Studio\2022\Community\VC\Tools\MSVC\14.44.35207\include\cmath(117,18): error C2039: 'fabsf': '`global namespace'' のメンバーではありません
  (ソース ファイル 'pch.cpp' をコンパイルしています)
  
C:\Program Files\Microsoft Visual Studio\2022\Community\VC\Tools\MSVC\14.44.35207\include\cmath(117,18): error C1003: プログラム内のエラーが 100 個を超えました。コンパイルは中断されます。
  (ソース ファイル 'pch.cpp' をコンパイルしています)
  
